<?xml version="1.0" encoding="UTF-8"?>
<TestRun id="36eea7cd-2ec9-4c87-aad1-dd3d8105c337" name="Administrator@MSSQLSERVER58 2022-06-15 17:05:58" runUser="MSSQLSERVER58\Administrator" xmlns="http://microsoft.com/schemas/VisualStudio/TeamTest/2006">
  <TestRunConfiguration name="Local Test Run" id="670aac0b-44b4-4398-a232-e850c712cf4f">
    <Description>This is a default test run configuration for a local test run.</Description>
    <Deployment runDeploymentRoot="C:\Users\Administrator\Desktop\BD\PROJEKT\TestProject\TestResults\Administrator_MSSQLSERVER58 2022-06-15 17_05_58" />
    <TestTypeSpecific />
  </TestRunConfiguration>
  <ResultSummary outcome="Failed">
    <Counters total="1" executed="1" error="0" failed="1" timeout="0" aborted="0" inconclusive="0" passedButRunAborted="0" notRunnable="0" notExecuted="0" disconnected="0" warning="0" passed="0" completed="0" inProgress="0" pending="0" />
  </ResultSummary>
  <Times creation="2022-06-15T17:05:58.1900000+02:00" queuing="2022-06-15T17:05:58.7190000+02:00" start="2022-06-15T17:05:58.8640000+02:00" finish="2022-06-15T17:05:59.5620000+02:00" />
  <TestDefinitions>
    <UnitTest name="TestFindSumIfEmpty" storage="c:\users\administrator\desktop\bd\projekt\testproject\testproject\bin\debug\testproject.dll" id="ee47f47a-f3d6-5c50-424b-fbab9d085745">
      <Css projectStructure="" iteration="" />
      <Owners>
        <Owner name="" />
      </Owners>
      <Execution id="41198027-d830-42c8-93d5-2ea03bd7880a" />
      <TestMethod codeBase="C:\Users\Administrator\Desktop\BD\PROJEKT\TestProject\TestProject\bin\Debug\TestProject.dll" adapterTypeName="Microsoft.VisualStudio.TestTools.TestTypes.Unit.UnitTestAdapter, Microsoft.VisualStudio.QualityTools.Tips.UnitTest.Adapter, Version=9.0.0.0, Culture=neutral, PublicKeyToken=b03f5f7f11d50a3a" className="TestProject.UnitTest1, TestProject" name="TestFindSumIfEmpty" />
    </UnitTest>
  </TestDefinitions>
  <TestLists>
    <TestList name="Results Not in a List" id="8c84fa94-04c1-424b-9868-57a2d4851a1d" />
    <TestList name="All Loaded Results" id="19431567-8539-422a-85d7-44ee4e166bda" />
  </TestLists>
  <TestEntries>
    <TestEntry testId="ee47f47a-f3d6-5c50-424b-fbab9d085745" executionId="41198027-d830-42c8-93d5-2ea03bd7880a" testListId="8c84fa94-04c1-424b-9868-57a2d4851a1d" />
  </TestEntries>
  <Results>
    <UnitTestResult executionId="41198027-d830-42c8-93d5-2ea03bd7880a" testId="ee47f47a-f3d6-5c50-424b-fbab9d085745" testName="TestFindSumIfEmpty" computerName="MSSQLSERVER58" duration="00:00:00.1281076" startTime="2022-06-15T17:05:59.0810000+02:00" endTime="2022-06-15T17:05:59.3650000+02:00" testType="13cdc9d9-ddb5-4fa4-a97d-d965ccfc6d4b" outcome="Failed" testListId="8c84fa94-04c1-424b-9868-57a2d4851a1d">
      <Output>
        <ErrorInfo>
          <Message>Assert.AreEqual failed. Expected:&lt;0&gt;. Actual:&lt;69&gt;. </Message>
          <StackTrace>   w TestProject.UnitTest1.TestFindSumIfEmpty() w C:\Users\Administrator\Desktop\BD\PROJEKT\TestProject\TestProject\UnitTest1.cs:wiersz 123
</StackTrace>
        </ErrorInfo>
      </Output>
    </UnitTestResult>
  </Results>
</TestRun>