<?xml version="1.0" encoding="UTF-8"?>
<TestRun id="0f745a37-e7f1-4de0-afe5-c88efc37141e" name="Administrator@MSSQLSERVER58 2022-06-15 17:05:46" runUser="MSSQLSERVER58\Administrator" xmlns="http://microsoft.com/schemas/VisualStudio/TeamTest/2006">
  <TestRunConfiguration name="Local Test Run" id="670aac0b-44b4-4398-a232-e850c712cf4f">
    <Description>This is a default test run configuration for a local test run.</Description>
    <Deployment runDeploymentRoot="C:\Users\Administrator\Desktop\BD\PROJEKT\TestProject\TestResults\Administrator_MSSQLSERVER58 2022-06-15 17_05_46" />
    <TestTypeSpecific />
  </TestRunConfiguration>
  <ResultSummary outcome="Completed">
    <Counters total="1" executed="1" passed="1" error="0" failed="0" timeout="0" aborted="0" inconclusive="0" passedButRunAborted="0" notRunnable="0" notExecuted="0" disconnected="0" warning="0" completed="0" inProgress="0" pending="0" />
  </ResultSummary>
  <Times creation="2022-06-15T17:05:46.9410000+02:00" queuing="2022-06-15T17:05:47.5690000+02:00" start="2022-06-15T17:05:47.6950000+02:00" finish="2022-06-15T17:05:48.3220000+02:00" />
  <TestDefinitions>
    <UnitTest name="TestFindSumIfEmpty" storage="c:\users\administrator\desktop\bd\projekt\testproject\testproject\bin\debug\testproject.dll" id="ee47f47a-f3d6-5c50-424b-fbab9d085745">
      <Css projectStructure="" iteration="" />
      <Owners>
        <Owner name="" />
      </Owners>
      <Execution id="02f0116f-e93d-489f-aa20-c509400cd6d2" />
      <TestMethod codeBase="C:\Users\Administrator\Desktop\BD\PROJEKT\TestProject\TestProject\bin\Debug\TestProject.dll" adapterTypeName="Microsoft.VisualStudio.TestTools.TestTypes.Unit.UnitTestAdapter, Microsoft.VisualStudio.QualityTools.Tips.UnitTest.Adapter, Version=9.0.0.0, Culture=neutral, PublicKeyToken=b03f5f7f11d50a3a" className="TestProject.UnitTest1, TestProject" name="TestFindSumIfEmpty" />
    </UnitTest>
  </TestDefinitions>
  <TestLists>
    <TestList name="Results Not in a List" id="8c84fa94-04c1-424b-9868-57a2d4851a1d" />
    <TestList name="All Loaded Results" id="19431567-8539-422a-85d7-44ee4e166bda" />
  </TestLists>
  <TestEntries>
    <TestEntry testId="ee47f47a-f3d6-5c50-424b-fbab9d085745" executionId="02f0116f-e93d-489f-aa20-c509400cd6d2" testListId="8c84fa94-04c1-424b-9868-57a2d4851a1d" />
  </TestEntries>
  <Results>
    <UnitTestResult executionId="02f0116f-e93d-489f-aa20-c509400cd6d2" testId="ee47f47a-f3d6-5c50-424b-fbab9d085745" testName="TestFindSumIfEmpty" computerName="MSSQLSERVER58" duration="00:00:00.0557366" startTime="2022-06-15T17:05:47.9410000+02:00" endTime="2022-06-15T17:05:48.1600000+02:00" testType="13cdc9d9-ddb5-4fa4-a97d-d965ccfc6d4b" outcome="Passed" testListId="8c84fa94-04c1-424b-9868-57a2d4851a1d">
      <Output>
      </Output>
    </UnitTestResult>
  </Results>
</TestRun>