<?xml version="1.0" encoding="UTF-8"?>
<TestRun id="76acbd16-2592-43fe-8865-46a495fcd49f" name="Administrator@MSSQLSERVER58 2022-06-15 17:35:59" runUser="MSSQLSERVER58\Administrator" xmlns="http://microsoft.com/schemas/VisualStudio/TeamTest/2006">
  <TestRunConfiguration name="Local Test Run" id="670aac0b-44b4-4398-a232-e850c712cf4f">
    <Description>This is a default test run configuration for a local test run.</Description>
    <Deployment runDeploymentRoot="C:\Users\Administrator\Desktop\BD\PROJEKT\TestProject\TestResults\Administrator_MSSQLSERVER58 2022-06-15 17_35_59" />
    <TestTypeSpecific />
  </TestRunConfiguration>
  <ResultSummary outcome="Failed">
    <Counters total="1" executed="1" error="0" failed="1" timeout="0" aborted="0" inconclusive="0" passedButRunAborted="0" notRunnable="0" notExecuted="0" disconnected="0" warning="0" passed="0" completed="0" inProgress="0" pending="0" />
  </ResultSummary>
  <Times creation="2022-06-15T17:35:59.4550000+02:00" queuing="2022-06-15T17:35:59.7380000+02:00" start="2022-06-15T17:35:59.7500000+02:00" finish="2022-06-15T17:36:00.2880000+02:00" />
  <TestDefinitions>
    <UnitTest name="TestFindOddEvenDiffIfSameNumber" storage="c:\users\administrator\desktop\bd\projekt\testproject\testproject\bin\debug\testproject.dll" id="9f794bba-47d1-4443-adbe-f08ccf92bace">
      <Css projectStructure="" iteration="" />
      <Owners>
        <Owner name="" />
      </Owners>
      <Execution id="aefb5a47-b6ce-4e01-b3bc-8592c278e25d" />
      <TestMethod codeBase="C:\Users\Administrator\Desktop\BD\PROJEKT\TestProject\TestProject\bin\Debug\TestProject.dll" adapterTypeName="Microsoft.VisualStudio.TestTools.TestTypes.Unit.UnitTestAdapter, Microsoft.VisualStudio.QualityTools.Tips.UnitTest.Adapter, Version=9.0.0.0, Culture=neutral, PublicKeyToken=b03f5f7f11d50a3a" className="TestProject.UnitTest1, TestProject" name="TestFindOddEvenDiffIfSameNumber" />
    </UnitTest>
  </TestDefinitions>
  <TestLists>
    <TestList name="Results Not in a List" id="8c84fa94-04c1-424b-9868-57a2d4851a1d" />
    <TestList name="All Loaded Results" id="19431567-8539-422a-85d7-44ee4e166bda" />
  </TestLists>
  <TestEntries>
    <TestEntry testId="9f794bba-47d1-4443-adbe-f08ccf92bace" executionId="aefb5a47-b6ce-4e01-b3bc-8592c278e25d" testListId="8c84fa94-04c1-424b-9868-57a2d4851a1d" />
  </TestEntries>
  <Results>
    <UnitTestResult executionId="aefb5a47-b6ce-4e01-b3bc-8592c278e25d" testId="9f794bba-47d1-4443-adbe-f08ccf92bace" testName="TestFindOddEvenDiffIfSameNumber" computerName="MSSQLSERVER58" duration="00:00:00.0491763" startTime="2022-06-15T17:35:59.7520000+02:00" endTime="2022-06-15T17:36:00.1370000+02:00" testType="13cdc9d9-ddb5-4fa4-a97d-d965ccfc6d4b" outcome="Failed" testListId="8c84fa94-04c1-424b-9868-57a2d4851a1d">
      <Output>
        <ErrorInfo>
          <Message>Test method TestProject.UnitTest1.TestFindOddEvenDiffIfSameNumber threw exception:  System.Data.SqlClient.SqlException: Invalid column name 'BussinesEntityID'..</Message>
          <StackTrace>    w System.Data.SqlClient.SqlConnection.OnError(SqlException exception, Boolean breakConnection)
   w System.Data.SqlClient.SqlInternalConnection.OnError(SqlException exception, Boolean breakConnection)
   w System.Data.SqlClient.TdsParser.ThrowExceptionAndWarning(TdsParserStateObject stateObj)
   w System.Data.SqlClient.TdsParser.Run(RunBehavior runBehavior, SqlCommand cmdHandler, SqlDataReader dataStream, BulkCopySimpleResultSet bulkCopyHandler, TdsParserStateObject stateObj)
   w System.Data.SqlClient.SqlDataReader.ConsumeMetaData()
   w System.Data.SqlClient.SqlDataReader.get_MetaData()
   w System.Data.SqlClient.SqlCommand.FinishExecuteReader(SqlDataReader ds, RunBehavior runBehavior, String resetOptionsString)
   w System.Data.SqlClient.SqlCommand.RunExecuteReaderTds(CommandBehavior cmdBehavior, RunBehavior runBehavior, Boolean returnStream, Boolean async)
   w System.Data.SqlClient.SqlCommand.RunExecuteReader(CommandBehavior cmdBehavior, RunBehavior runBehavior, Boolean returnStream, String method, DbAsyncResult result)
   w System.Data.SqlClient.SqlCommand.RunExecuteReader(CommandBehavior cmdBehavior, RunBehavior runBehavior, Boolean returnStream, String method)
   w System.Data.SqlClient.SqlCommand.ExecuteReader(CommandBehavior behavior, String method)
   w System.Data.SqlClient.SqlCommand.ExecuteReader()
   w TestProject.UnitTest1.TestFindOddEvenDiffIfSameNumber() w C:\Users\Administrator\Desktop\BD\PROJEKT\TestProject\TestProject\UnitTest1.cs:wiersz 217
</StackTrace>
        </ErrorInfo>
      </Output>
    </UnitTestResult>
  </Results>
</TestRun>